This request is POST from /login and it took 433.09 ms to process
This request is GET from /products/getproducts and it took 571.28 ms to process
This request is GET from /userprofile and it took 2619.97 ms to process
This request is POST from /expert/login and it took 413.10 ms to process
This request is GET from /expert/expertprofile and it took 1108.98 ms to process
This request is POST from /admin/adminlogin and it took 394.80 ms to process
This request is GET from /admin/adminprofile/644528c526df9c16c244b1fd and it took 1468.93 ms to process
This request is GET from /admin/adminproductsmanage and it took 283.89 ms to process
This request is GET from /admin/expertinfo and it took 292.12 ms to process
This request is POST from /login and it took - ms to process
This request is POST from /admin/adminlogin and it took 374.67 ms to process
This request is POST from /admin/adminlogin and it took 343.53 ms to process
This request is GET from /admin/adminprofile/644528c526df9c16c244b1fd and it took 1237.21 ms to process
This request is GET from /admin/expertinfo and it took 282.10 ms to process
This request is GET from /admin/adminproductsmanage and it took 288.26 ms to process
This request is GET from /admin/adminprofile/644528c526df9c16c244b1fd and it took 1436.44 ms to process
This request is GET from /admin/adminprofile/644528c526df9c16c244b1fd and it took 2019.62 ms to process
This request is GET from /admin/adminprofile/644528c526df9c16c244b1fd and it took 1326.49 ms to process
This request is GET from /admin/adminprofile/644528c526df9c16c244b1fd and it took 1226.94 ms to process
This request is GET from /admin/adminprofile/644528c526df9c16c244b1fd and it took 1231.72 ms to process
This request is GET from /feed and it took 628.28 ms to process
This request is POST from /admin/adminlogin and it took 346.24 ms to process
This request is GET from /admin/adminprofile/644528c526df9c16c244b1fd and it took 1142.42 ms to process
This request is GET from /admin/expertinfo and it took 275.59 ms to process
This request is GET from /admin/adminproductsmanage and it took 283.77 ms to process
This request is GET from /admin/adminprofile/644528c526df9c16c244b1fd and it took 1275.80 ms to process
This request is GET from /admin/adminprofile/644528c526df9c16c244b1fd and it took 1227.15 ms to process
This request is POST from /admin/adminlogin and it took 462.95 ms to process
This request is GET from /admin/adminprofile/644528c526df9c16c244b1fd and it took 1223.32 ms to process
This request is GET from /admin/expertinfo and it took 349.01 ms to process
This request is GET from /admin/adminproductsmanage and it took 359.83 ms to process
This request is POST from /admin/adminlogin and it took 348.42 ms to process
This request is GET from /admin/adminprofile/644528c526df9c16c244b1fd and it took 1247.75 ms to process
This request is GET from /admin/expertinfo and it took 281.34 ms to process
This request is GET from /admin/adminproductsmanage and it took 289.46 ms to process
This request is GET from /admin/adminprofile/644528c526df9c16c244b1fd and it took 1204.89 ms to process
This request is GET from /admin/adminprofile/644528c526df9c16c244b1fd and it took 1476.67 ms to process
This request is GET from /admin/adminprofile/644528c526df9c16c244b1fd and it took 1271.82 ms to process
This request is GET from /admin/adminprofile/644528c526df9c16c244b1fd and it took 1247.52 ms to process
This request is GET from /admin/adminprofile/644528c526df9c16c244b1fd and it took 1235.24 ms to process
This request is GET from /admin/adminprofile/644528c526df9c16c244b1fd and it took 1248.58 ms to process
This request is GET from /admin/adminprofile/644528c526df9c16c244b1fd and it took 1478.89 ms to process
This request is GET from /admin/adminprofile/644528c526df9c16c244b1fd and it took 1229.53 ms to process
This request is GET from /admin/adminprofile/644528c526df9c16c244b1fd and it took 1205.77 ms to process
This request is GET from /admin/adminprofile/644528c526df9c16c244b1fd and it took 1255.27 ms to process
This request is GET from /admin/adminprofile/644528c526df9c16c244b1fd and it took 1197.30 ms to process
This request is GET from /admin/adminproductsmanage and it took 359.89 ms to process
This request is GET from /admin/expertinfo and it took 644.48 ms to process
This request is GET from /admin/adminprofile/644528c526df9c16c244b1fd and it took 1260.54 ms to process
This request is GET from /admin/adminprofile/644528c526df9c16c244b1fd and it took 1260.53 ms to process
This request is GET from /admin/adminprofile/644528c526df9c16c244b1fd and it took 1154.47 ms to process
This request is GET from /admin/adminprofile/644528c526df9c16c244b1fd and it took 1436.47 ms to process
This request is GET from /admin/adminprofile/644528c526df9c16c244b1fd and it took 1252.91 ms to process
This request is GET from /admin/adminprofile/644528c526df9c16c244b1fd and it took 1461.54 ms to process
This request is GET from /admin/adminprofile/644528c526df9c16c244b1fd and it took 1305.87 ms to process
This request is GET from /admin/adminprofile/644528c526df9c16c244b1fd and it took 1270.71 ms to process
This request is GET from /admin/adminprofile/644528c526df9c16c244b1fd and it took 1302.81 ms to process
This request is GET from /admin/adminprofile/644528c526df9c16c244b1fd and it took 1231.71 ms to process
This request is GET from /admin/adminprofile/644528c526df9c16c244b1fd and it took 1248.58 ms to process
This request is GET from /admin/adminprofile/644528c526df9c16c244b1fd and it took 1265.67 ms to process
This request is GET from /admin/adminprofile/644528c526df9c16c244b1fd and it took 1588.61 ms to process
This request is GET from /admin/adminprofile/644528c526df9c16c244b1fd and it took 1199.93 ms to process
This request is POST from /admin/adminlogin and it took 443.67 ms to process
This request is GET from /admin/adminprofile/644528c526df9c16c244b1fd and it took 1168.96 ms to process
This request is GET from /admin/adminproductsmanage and it took 277.58 ms to process
This request is GET from /admin/expertinfo and it took 288.34 ms to process
This request is GET from /admin/adminprofile/644528c526df9c16c244b1fd and it took 1280.33 ms to process
This request is GET from /admin/adminprofile/644528c526df9c16c244b1fd and it took 1409.41 ms to process
This request is GET from /admin/adminprofile/644528c526df9c16c244b1fd and it took 1243.25 ms to process
This request is GET from /admin/adminprofile/644528c526df9c16c244b1fd and it took 1269.54 ms to process
This request is GET from /admin/adminprofile/644528c526df9c16c244b1fd and it took 1548.34 ms to process
This request is GET from /admin/adminprofile/644528c526df9c16c244b1fd and it took 1241.87 ms to process
This request is GET from /admin/adminprofile/644528c526df9c16c244b1fd and it took 1149.04 ms to process
This request is GET from /admin/adminprofile/644528c526df9c16c244b1fd and it took 1148.89 ms to process
This request is GET from /admin/adminprofile/644528c526df9c16c244b1fd and it took 1300.24 ms to process
This request is GET from /admin/adminprofile/644528c526df9c16c244b1fd and it took 1272.36 ms to process
This request is GET from /admin/adminprofile/644528c526df9c16c244b1fd and it took 1225.11 ms to process
This request is GET from /admin/adminprofile/644528c526df9c16c244b1fd and it took 1288.54 ms to process
This request is GET from /admin/adminprofile/644528c526df9c16c244b1fd and it took 1337.97 ms to process
This request is GET from /admin/adminprofile/644528c526df9c16c244b1fd and it took 1248.60 ms to process
This request is GET from /admin/adminprofile/644528c526df9c16c244b1fd and it took 1263.64 ms to process
This request is GET from /admin/adminprofile/644528c526df9c16c244b1fd and it took 1209.58 ms to process
This request is GET from /admin/adminprofile/644528c526df9c16c244b1fd and it took 1254.19 ms to process
This request is GET from /admin/adminprofile/644528c526df9c16c244b1fd and it took 1254.31 ms to process
This request is GET from /admin/adminprofile/644528c526df9c16c244b1fd and it took 1276.66 ms to process
This request is GET from /admin/adminprofile/644528c526df9c16c244b1fd and it took 1207.61 ms to process
This request is GET from /admin/adminprofile/644528c526df9c16c244b1fd and it took 1285.21 ms to process
This request is GET from /admin/adminprofile/644528c526df9c16c244b1fd and it took 1326.51 ms to process
This request is GET from /admin/adminfeedok/643419cdf060c9b58d12e30f and it took 919.85 ms to process
This request is POST from /login and it took - ms to process
This request is POST from /login and it took - ms to process
This request is POST from /admin/adminlogin and it took 422.89 ms to process
This request is GET from /admin/adminprofile/644528c526df9c16c244b1fd and it took 1345.68 ms to process
This request is GET from /admin/adminproductsmanage and it took 296.86 ms to process
This request is GET from /admin/expertinfo and it took 299.79 ms to process
This request is GET from /admin/adminprofile/644528c526df9c16c244b1fd and it took 1196.08 ms to process
This request is GET from /admin/adminprofile/644528c526df9c16c244b1fd and it took 1248.24 ms to process
This request is GET from /admin/adminprofile/644528c526df9c16c244b1fd and it took 1279.53 ms to process
This request is GET from /admin/adminfeedok/643419cef060c9b58d12e315 and it took 975.45 ms to process
This request is POST from /login and it took 498.94 ms to process
This request is GET from /userprofile and it took 2599.68 ms to process
This request is GET from /products/getproducts and it took 602.50 ms to process
This request is POST from /login and it took 392.52 ms to process
This request is GET from /products/getproducts and it took 635.25 ms to process
This request is POST from /login and it took 447.91 ms to process
This request is GET from /therapy and it took 320.39 ms to process
This request is GET from /products/getproducts and it took 617.31 ms to process
This request is GET from /therapy and it took 295.37 ms to process
This request is GET from /feed and it took 651.00 ms to process
This request is GET from /feed and it took 642.20 ms to process
This request is POST from /login and it took 462.27 ms to process
This request is POST from /login and it took 409.45 ms to process
This request is POST from /login and it took 584.40 ms to process
This request is POST from /login and it took 463.68 ms to process
This request is GET from /feed and it took 630.69 ms to process
This request is GET from /products/getproducts and it took 628.46 ms to process
This request is POST from /products/addtocart and it took 4.29 ms to process
This request is GET from /feed and it took 671.31 ms to process
This request is GET from /feed/643419c8f060c9b58d12e2fb and it took 999.76 ms to process
This request is GET from /products/getproducts and it took 613.27 ms to process
This request is POST from /products/addtocart and it took 2.46 ms to process
This request is GET from /products/getproducts and it took 1607.53 ms to process
This request is GET from /products/getproducts and it took 677.13 ms to process
This request is GET from /products/getproducts and it took 647.64 ms to process
This request is GET from /products/getproducts and it took 665.47 ms to process
This request is POST from /products/addtocart and it took 1067.77 ms to process
This request is POST from /products/getcart and it took 3.67 ms to process
This request is POST from /login and it took 512.77 ms to process
This request is GET from /products/getproducts and it took 672.49 ms to process
This request is POST from /products/getcart and it took 2.37 ms to process
This request is GET from /products/getproducts and it took 693.12 ms to process
This request is POST from /products/addtocart and it took 979.57 ms to process
This request is POST from /products/getcart and it took 1.68 ms to process
This request is POST from /products/addtocart and it took 921.27 ms to process
This request is POST from /products/addtocart and it took 943.77 ms to process
This request is POST from /login and it took 469.94 ms to process
This request is GET from /userprofile and it took 2215.71 ms to process
This request is GET from /products/getproducts and it took 641.40 ms to process
This request is POST from /products/addtocart and it took 1099.58 ms to process
This request is POST from /products/getcart and it took 2.16 ms to process
This request is POST from /products/addtocart and it took 947.29 ms to process
This request is POST from /login and it took 498.80 ms to process
This request is GET from /products/getproducts and it took 700.11 ms to process
This request is POST from /products/addtocart and it took 944.83 ms to process
This request is POST from /login and it took 474.07 ms to process
This request is GET from /feed and it took 650.87 ms to process
This request is GET from /feed/643419c8f060c9b58d12e2fb and it took 942.84 ms to process
This request is POST from /feed/comment/643419c8f060c9b58d12e2fb and it took 1856.92 ms to process
This request is GET from /feed/643419c8f060c9b58d12e2fb and it took 940.33 ms to process
This request is GET from /feed and it took 602.47 ms to process
This request is GET from /therapy and it took 360.52 ms to process
This request is GET from /products/getproducts and it took 651.92 ms to process
This request is POST from /products/addtocart and it took 869.60 ms to process
This request is POST from /login and it took 1959.68 ms to process
This request is GET from /products/getproducts and it took 652.08 ms to process
This request is GET from /products/getproducts and it took 558.59 ms to process
This request is POST from /products/addtocart and it took 954.09 ms to process
This request is POST from /login and it took 529.73 ms to process
This request is GET from /products/getproducts and it took 668.87 ms to process
This request is POST from /products/addtocart and it took 970.07 ms to process
This request is POST from /products/getcart and it took 1.36 ms to process
This request is POST from /login and it took 455.94 ms to process
This request is GET from /products/getproducts and it took 640.54 ms to process
This request is POST from /products/addtocart and it took 929.66 ms to process
This request is POST from /products/getcart and it took 1.46 ms to process
This request is POST from /login and it took 501.74 ms to process
This request is GET from /products/getproducts and it took 574.12 ms to process
This request is POST from /products/addtocart and it took 868.48 ms to process
This request is POST from /products/getcart and it took 2.45 ms to process
This request is POST from /login and it took 493.71 ms to process
This request is GET from /products/getproducts and it took 571.79 ms to process
This request is POST from /products/getcart and it took 948.03 ms to process
This request is POST from /products/deletefromcart and it took 995.74 ms to process
This request is POST from /products/getcart and it took 1.51 ms to process
This request is POST from /products/getcart and it took 869.95 ms to process
This request is POST from /products/getcart and it took 956.90 ms to process
This request is POST from /products/getcart and it took 830.57 ms to process
This request is POST from /products/getcart and it took 891.73 ms to process
This request is POST from /login and it took 540.99 ms to process
This request is GET from /products/getproducts and it took 642.57 ms to process
This request is POST from /products/getcart and it took 971.98 ms to process
This request is GET from /products/getproducts and it took 692.60 ms to process
This request is POST from /products/addtocart and it took 939.27 ms to process
This request is POST from /products/getcart and it took 1.68 ms to process
This request is POST from /login and it took 446.64 ms to process
This request is GET from /products/getproducts and it took 711.14 ms to process
This request is POST from /products/addtocart and it took 905.06 ms to process
This request is POST from /products/getcart and it took 2.33 ms to process
This request is GET from /products/getproducts and it took 655.77 ms to process
This request is GET from /products/getproducts and it took 564.50 ms to process
This request is GET from /products/getproducts and it took 599.65 ms to process
This request is POST from /login and it took 547.20 ms to process
This request is GET from /products/getproducts and it took 690.08 ms to process
This request is POST from /products/addtocart and it took 996.25 ms to process
This request is POST from /products/getcart and it took 1017.07 ms to process
This request is POST from /products/getcart and it took 901.75 ms to process
This request is POST from /products/deletefromcart and it took 904.63 ms to process
This request is POST from /products/getcart and it took 1.35 ms to process
This request is POST from /products/getcart and it took 557.69 ms to process
This request is POST from /products/getcart and it took 566.53 ms to process
This request is POST from /products/getcart and it took 673.25 ms to process
This request is POST from /products/getcart and it took 616.28 ms to process
This request is GET from /feed and it took 601.42 ms to process
This request is GET from /feed and it took 562.50 ms to process
This request is GET from /therapy and it took 321.02 ms to process
This request is GET from /products/getproducts and it took 662.51 ms to process
This request is POST from /login and it took 415.29 ms to process
This request is GET from /products/getproducts and it took 306.91 ms to process
This request is GET from /userprofile and it took 249.30 ms to process
This request is GET from /products/getproducts and it took 280.19 ms to process
This request is GET from /userprofile and it took 261.21 ms to process
This request is GET from /feed and it took 820.59 ms to process
This request is GET from /feed/643419c8f060c9b58d12e2fb and it took 1122.29 ms to process
This request is POST from /feed/comment/643419c8f060c9b58d12e2fb and it took 2203.76 ms to process
This request is GET from /therapy and it took 260.42 ms to process
This request is GET from /feed and it took 872.23 ms to process
This request is GET from /feed/643419c8f060c9b58d12e2fd and it took 801.18 ms to process
This request is GET from /feed/643419c8f060c9b58d12e2fd and it took 842.37 ms to process
This request is GET from /feed and it took 1112.66 ms to process
This request is GET from /therapy and it took 396.30 ms to process
This request is POST from /expert/slotmaker/6443b135d8b1d325e09d99d9 and it took 1379.67 ms to process
This request is POST from /login and it took 386.40 ms to process
This request is GET from /products/getproducts and it took 270.68 ms to process
This request is POST from /products/getcart and it took 12.09 ms to process
This request is GET from /products/getproducts and it took 265.31 ms to process
This request is POST from /products/addtocart and it took 10.89 ms to process
This request is POST from /products/addtocart and it took 9.04 ms to process
This request is POST from /products/addtocart and it took 12.10 ms to process
This request is POST from /products/addtocart and it took 9.65 ms to process
